<?xml version="1.0" encoding="UTF-8"?>
<testsuite name="QRCodeApiTest" tests="1" skipped="0" failures="0" errors="0" timestamp="2024-06-29T18:09:26" hostname="LAPTOP-PEP8FODF" time="3.156">
  <properties/>
  <testcase name="start" classname="QRCodeApiTest" time="3.156"/>
  <system-out><![CDATA[?[1;31m
Start test 1?[0m
?[0;34m
?[0m?[0;34m  .   ____          _            __ _ _
?[0m?[0;34m /\\ / ___'_ __ _ _(_)_ __  __ _ \ \ \ \
?[0m?[0;34m( ( )\___ | '_ | '_| | '_ \/ _` | \ \ \ \
?[0m?[0;34m \\/  ___)| |_)| | | | | || (_| |  ) ) ) )
?[0m?[0;34m  '  |____| .__|_| |_|_| |_\__, | / / / /
?[0m?[0;34m =========|_|==============|___/=/_/_/_/
?[0m?[0;34m :: Spring Boot ::                (v3.0.2)
?[0m?[0;34m
?[0m?[0;34m2024-06-29T14:09:26.873-04:00  INFO 21552 --- [    Test worker] qrcodeapi.Application                    : Starting Application using Java 17.0.11 with PID 21552 (started by rnaps in C:\Users\rnaps\Downloads\QRCode Service\QRCode Service\task)
?[0m?[0;34m2024-06-29T14:09:26.873-04:00  INFO 21552 --- [    Test worker] qrcodeapi.Application                    : No active profile set, falling back to 1 default profile: "default"
?[0m?[0;34m2024-06-29T14:09:28.061-04:00  INFO 21552 --- [    Test worker] o.s.b.w.embedded.tomcat.TomcatWebServer  : Tomcat initialized with port(s): 9490 (http)
?[0m?[0;34m2024-06-29T14:09:28.079-04:00  INFO 21552 --- [    Test worker] o.apache.catalina.core.StandardService   : Starting service [Tomcat]
?[0m?[0;34m2024-06-29T14:09:28.079-04:00  INFO 21552 --- [    Test worker] o.apache.catalina.core.StandardEngine    : Starting Servlet engine: [Apache Tomcat/10.1.5]
?[0m?[0;34m2024-06-29T14:09:28.154-04:00  INFO 21552 --- [    Test worker] o.a.c.c.C.[Tomcat].[localhost].[/]       : Initializing Spring embedded WebApplicationContext
?[0m?[0;34m2024-06-29T14:09:28.154-04:00  INFO 21552 --- [    Test worker] w.s.c.ServletWebServerApplicationContext : Root WebApplicationContext: initialization completed in 1233 ms
?[0m?[0;34m2024-06-29T14:09:28.819-04:00  INFO 21552 --- [    Test worker] o.s.b.a.e.web.EndpointLinksResolver      : Exposing 1 endpoint(s) beneath base path '/actuator'
?[0m?[0;34m2024-06-29T14:09:28.880-04:00  INFO 21552 --- [    Test worker] o.s.b.w.embedded.tomcat.TomcatWebServer  : Tomcat started on port(s): 9490 (http) with context path ''
?[0m?[0;34m2024-06-29T14:09:28.896-04:00  INFO 21552 --- [    Test worker] qrcodeapi.Application                    : Started Application in 2.425 seconds (process running for 3.218)
?[0;34m2024-06-29T14:09:29.212-04:00  INFO 21552 --- [nio-9490-exec-1] o.a.c.c.C.[Tomcat].[localhost].[/]       : Initializing Spring DispatcherServlet 'dispatcherServlet'
?[0m?[0;34m2024-06-29T14:09:29.212-04:00  INFO 21552 --- [nio-9490-exec-1] o.s.web.servlet.DispatcherServlet        : Initializing Servlet 'dispatcherServlet'
?[0m?[0;34m2024-06-29T14:09:29.212-04:00  INFO 21552 --- [nio-9490-exec-1] o.s.web.servlet.DispatcherServlet        : Completed initialization in 0 ms
?[0m?[1;31m
Start test 2?[0m
]]></system-out>
  <system-err><![CDATA[]]></system-err>
</testsuite>
